::1 - - [30/May/2020:08:48:59 +0000] "GET /login HTTP/1.1" 304 - "-" "Mozilla/5.0 (Windows NT 10.0; Win64; x64) AppleWebKit/537.36 (KHTML, like Gecko) Chrome/83.0.4103.61 Safari/537.36"
::1 - - [30/May/2020:08:48:59 +0000] "GET /vendor/bootstrap/css/bootstrap.min.css HTTP/1.1" 304 - "http://localhost:4000/login" "Mozilla/5.0 (Windows NT 10.0; Win64; x64) AppleWebKit/537.36 (KHTML, like Gecko) Chrome/83.0.4103.61 Safari/537.36"
::1 - - [30/May/2020:08:48:59 +0000] "GET /fonts/font-awesome-4.7.0/css/font-awesome.min.css HTTP/1.1" 304 - "http://localhost:4000/login" "Mozilla/5.0 (Windows NT 10.0; Win64; x64) AppleWebKit/537.36 (KHTML, like Gecko) Chrome/83.0.4103.61 Safari/537.36"
::1 - - [30/May/2020:08:48:59 +0000] "GET /vendor/animate/animate.css HTTP/1.1" 304 - "http://localhost:4000/login" "Mozilla/5.0 (Windows NT 10.0; Win64; x64) AppleWebKit/537.36 (KHTML, like Gecko) Chrome/83.0.4103.61 Safari/537.36"
::1 - - [30/May/2020:08:48:59 +0000] "GET /vendor/css-hamburgers/hamburgers.min.css HTTP/1.1" 304 - "http://localhost:4000/login" "Mozilla/5.0 (Windows NT 10.0; Win64; x64) AppleWebKit/537.36 (KHTML, like Gecko) Chrome/83.0.4103.61 Safari/537.36"
::1 - - [30/May/2020:08:48:59 +0000] "GET /vendor/select2/select2.min.css HTTP/1.1" 304 - "http://localhost:4000/login" "Mozilla/5.0 (Windows NT 10.0; Win64; x64) AppleWebKit/537.36 (KHTML, like Gecko) Chrome/83.0.4103.61 Safari/537.36"
::1 - - [30/May/2020:08:48:59 +0000] "GET /css/util.css HTTP/1.1" 304 - "http://localhost:4000/login" "Mozilla/5.0 (Windows NT 10.0; Win64; x64) AppleWebKit/537.36 (KHTML, like Gecko) Chrome/83.0.4103.61 Safari/537.36"
::1 - - [30/May/2020:08:48:59 +0000] "GET /css/main.css HTTP/1.1" 304 - "http://localhost:4000/login" "Mozilla/5.0 (Windows NT 10.0; Win64; x64) AppleWebKit/537.36 (KHTML, like Gecko) Chrome/83.0.4103.61 Safari/537.36"
::1 - - [30/May/2020:08:49:00 +0000] "GET /vendor/jquery/jquery-3.2.1.min.js HTTP/1.1" 304 - "http://localhost:4000/login" "Mozilla/5.0 (Windows NT 10.0; Win64; x64) AppleWebKit/537.36 (KHTML, like Gecko) Chrome/83.0.4103.61 Safari/537.36"
::1 - - [30/May/2020:08:49:00 +0000] "GET /vendor/bootstrap/js/popper.js HTTP/1.1" 304 - "http://localhost:4000/login" "Mozilla/5.0 (Windows NT 10.0; Win64; x64) AppleWebKit/537.36 (KHTML, like Gecko) Chrome/83.0.4103.61 Safari/537.36"
::1 - - [30/May/2020:08:49:00 +0000] "GET /vendor/bootstrap/js/bootstrap.min.js HTTP/1.1" 304 - "http://localhost:4000/login" "Mozilla/5.0 (Windows NT 10.0; Win64; x64) AppleWebKit/537.36 (KHTML, like Gecko) Chrome/83.0.4103.61 Safari/537.36"
::1 - - [30/May/2020:08:49:00 +0000] "GET /vendor/select2/select2.min.js HTTP/1.1" 304 - "http://localhost:4000/login" "Mozilla/5.0 (Windows NT 10.0; Win64; x64) AppleWebKit/537.36 (KHTML, like Gecko) Chrome/83.0.4103.61 Safari/537.36"
::1 - - [30/May/2020:08:49:00 +0000] "GET /login_data/js/main.js HTTP/1.1" 404 245 "http://localhost:4000/login" "Mozilla/5.0 (Windows NT 10.0; Win64; x64) AppleWebKit/537.36 (KHTML, like Gecko) Chrome/83.0.4103.61 Safari/537.36"
::1 - - [30/May/2020:08:49:00 +0000] "GET /vendor/tilt/tilt.jquery.min.js HTTP/1.1" 304 - "http://localhost:4000/login" "Mozilla/5.0 (Windows NT 10.0; Win64; x64) AppleWebKit/537.36 (KHTML, like Gecko) Chrome/83.0.4103.61 Safari/537.36"
::1 - - [30/May/2020:08:49:00 +0000] "GET /images/img-01.png HTTP/1.1" 304 - "http://localhost:4000/login" "Mozilla/5.0 (Windows NT 10.0; Win64; x64) AppleWebKit/537.36 (KHTML, like Gecko) Chrome/83.0.4103.61 Safari/537.36"
::1 - - [30/May/2020:08:49:00 +0000] "GET /fonts/poppins/Poppins-Medium.ttf HTTP/1.1" 200 - "http://localhost:4000/css/main.css" "Mozilla/5.0 (Windows NT 10.0; Win64; x64) AppleWebKit/537.36 (KHTML, like Gecko) Chrome/83.0.4103.61 Safari/537.36"
::1 - - [30/May/2020:08:49:00 +0000] "GET /fonts/font-awesome-4.7.0/fonts/fontawesome-webfont.woff2?v=4.7.0 HTTP/1.1" 200 77160 "http://localhost:4000/fonts/font-awesome-4.7.0/css/font-awesome.min.css" "Mozilla/5.0 (Windows NT 10.0; Win64; x64) AppleWebKit/537.36 (KHTML, like Gecko) Chrome/83.0.4103.61 Safari/537.36"
::1 - - [30/May/2020:08:49:00 +0000] "GET /login_data/js/main.js HTTP/1.1" 404 245 "http://localhost:4000/login" "Mozilla/5.0 (Windows NT 10.0; Win64; x64) AppleWebKit/537.36 (KHTML, like Gecko) Chrome/83.0.4103.61 Safari/537.36"
::1 - - [30/May/2020:08:49:00 +0000] "GET /fonts/poppins/Poppins-Bold.ttf HTTP/1.1" 200 - "http://localhost:4000/css/main.css" "Mozilla/5.0 (Windows NT 10.0; Win64; x64) AppleWebKit/537.36 (KHTML, like Gecko) Chrome/83.0.4103.61 Safari/537.36"
::1 - - [30/May/2020:08:49:00 +0000] "GET /fonts/poppins/Poppins-Regular.ttf HTTP/1.1" 200 - "http://localhost:4000/css/main.css" "Mozilla/5.0 (Windows NT 10.0; Win64; x64) AppleWebKit/537.36 (KHTML, like Gecko) Chrome/83.0.4103.61 Safari/537.36"
::1 - - [30/May/2020:08:49:00 +0000] "GET /fonts/montserrat/Montserrat-Bold.ttf HTTP/1.1" 200 - "http://localhost:4000/css/main.css" "Mozilla/5.0 (Windows NT 10.0; Win64; x64) AppleWebKit/537.36 (KHTML, like Gecko) Chrome/83.0.4103.61 Safari/537.36"
::1 - - [30/May/2020:08:49:04 +0000] "POST /home HTTP/1.1" 200 - "http://localhost:4000/login" "Mozilla/5.0 (Windows NT 10.0; Win64; x64) AppleWebKit/537.36 (KHTML, like Gecko) Chrome/83.0.4103.61 Safari/537.36"
::1 - - [30/May/2020:08:49:04 +0000] "GET /favicon.png HTTP/1.1" 404 245 "http://localhost:4000/home" "Mozilla/5.0 (Windows NT 10.0; Win64; x64) AppleWebKit/537.36 (KHTML, like Gecko) Chrome/83.0.4103.61 Safari/537.36"
::1 - - [30/May/2020:08:49:11 +0000] "GET /addBook HTTP/1.1" 200 - "http://localhost:4000/home" "Mozilla/5.0 (Windows NT 10.0; Win64; x64) AppleWebKit/537.36 (KHTML, like Gecko) Chrome/83.0.4103.61 Safari/537.36"
::1 - - [30/May/2020:08:49:12 +0000] "GET /favicon.ico HTTP/1.1" 404 245 "http://localhost:4000/addBook" "Mozilla/5.0 (Windows NT 10.0; Win64; x64) AppleWebKit/537.36 (KHTML, like Gecko) Chrome/83.0.4103.61 Safari/537.36"
::1 - - [30/May/2020:08:49:45 +0000] "GET /%60$%7Bprocess.env.HOST%7D/home%60 HTTP/1.1" 404 245 "http://localhost:4000/addBook" "Mozilla/5.0 (Windows NT 10.0; Win64; x64) AppleWebKit/537.36 (KHTML, like Gecko) Chrome/83.0.4103.61 Safari/537.36"
::1 - - [30/May/2020:08:53:56 +0000] "GET /addBook HTTP/1.1" 200 - "-" "Mozilla/5.0 (Windows NT 10.0; Win64; x64) AppleWebKit/537.36 (KHTML, like Gecko) Chrome/83.0.4103.61 Safari/537.36"
::1 - - [30/May/2020:08:53:58 +0000] "GET /%60$%7Bprocess.env.HOST%7D%60/logout HTTP/1.1" 404 245 "http://localhost:4000/addBook" "Mozilla/5.0 (Windows NT 10.0; Win64; x64) AppleWebKit/537.36 (KHTML, like Gecko) Chrome/83.0.4103.61 Safari/537.36"
::1 - - [30/May/2020:08:54:04 +0000] "GET /%60$%7Bprocess.env.HOST%7D/home%60 HTTP/1.1" 404 245 "http://localhost:4000/addBook" "Mozilla/5.0 (Windows NT 10.0; Win64; x64) AppleWebKit/537.36 (KHTML, like Gecko) Chrome/83.0.4103.61 Safari/537.36"
::1 - - [30/May/2020:08:54:13 +0000] "GET /home HTTP/1.1" 200 - "-" "Mozilla/5.0 (Windows NT 10.0; Win64; x64) AppleWebKit/537.36 (KHTML, like Gecko) Chrome/83.0.4103.61 Safari/537.36"
::1 - - [30/May/2020:08:54:17 +0000] "GET /addBook HTTP/1.1" 304 - "http://localhost:4000/home" "Mozilla/5.0 (Windows NT 10.0; Win64; x64) AppleWebKit/537.36 (KHTML, like Gecko) Chrome/83.0.4103.61 Safari/537.36"
::1 - - [30/May/2020:08:57:10 +0000] "GET /addBook HTTP/1.1" 200 - "http://localhost:4000/home" "Mozilla/5.0 (Windows NT 10.0; Win64; x64) AppleWebKit/537.36 (KHTML, like Gecko) Chrome/83.0.4103.61 Safari/537.36"
::1 - - [30/May/2020:08:57:12 +0000] "GET /logout HTTP/1.1" 302 56 "http://localhost:4000/addBook" "Mozilla/5.0 (Windows NT 10.0; Win64; x64) AppleWebKit/537.36 (KHTML, like Gecko) Chrome/83.0.4103.61 Safari/537.36"
::1 - - [30/May/2020:08:57:12 +0000] "GET /login HTTP/1.1" 304 - "http://localhost:4000/addBook" "Mozilla/5.0 (Windows NT 10.0; Win64; x64) AppleWebKit/537.36 (KHTML, like Gecko) Chrome/83.0.4103.61 Safari/537.36"
::1 - - [30/May/2020:08:57:12 +0000] "GET /vendor/bootstrap/css/bootstrap.min.css HTTP/1.1" 304 - "http://localhost:4000/login" "Mozilla/5.0 (Windows NT 10.0; Win64; x64) AppleWebKit/537.36 (KHTML, like Gecko) Chrome/83.0.4103.61 Safari/537.36"
::1 - - [30/May/2020:08:57:12 +0000] "GET /fonts/font-awesome-4.7.0/css/font-awesome.min.css HTTP/1.1" 304 - "http://localhost:4000/login" "Mozilla/5.0 (Windows NT 10.0; Win64; x64) AppleWebKit/537.36 (KHTML, like Gecko) Chrome/83.0.4103.61 Safari/537.36"
::1 - - [30/May/2020:08:57:12 +0000] "GET /vendor/animate/animate.css HTTP/1.1" 304 - "http://localhost:4000/login" "Mozilla/5.0 (Windows NT 10.0; Win64; x64) AppleWebKit/537.36 (KHTML, like Gecko) Chrome/83.0.4103.61 Safari/537.36"
::1 - - [30/May/2020:08:57:12 +0000] "GET /vendor/css-hamburgers/hamburgers.min.css HTTP/1.1" 304 - "http://localhost:4000/login" "Mozilla/5.0 (Windows NT 10.0; Win64; x64) AppleWebKit/537.36 (KHTML, like Gecko) Chrome/83.0.4103.61 Safari/537.36"
::1 - - [30/May/2020:08:57:12 +0000] "GET /vendor/select2/select2.min.css HTTP/1.1" 304 - "http://localhost:4000/login" "Mozilla/5.0 (Windows NT 10.0; Win64; x64) AppleWebKit/537.36 (KHTML, like Gecko) Chrome/83.0.4103.61 Safari/537.36"
::1 - - [30/May/2020:08:57:12 +0000] "GET /css/util.css HTTP/1.1" 304 - "http://localhost:4000/login" "Mozilla/5.0 (Windows NT 10.0; Win64; x64) AppleWebKit/537.36 (KHTML, like Gecko) Chrome/83.0.4103.61 Safari/537.36"
::1 - - [30/May/2020:08:57:13 +0000] "GET /css/main.css HTTP/1.1" 304 - "http://localhost:4000/login" "Mozilla/5.0 (Windows NT 10.0; Win64; x64) AppleWebKit/537.36 (KHTML, like Gecko) Chrome/83.0.4103.61 Safari/537.36"
::1 - - [30/May/2020:08:57:13 +0000] "GET /vendor/jquery/jquery-3.2.1.min.js HTTP/1.1" 304 - "http://localhost:4000/login" "Mozilla/5.0 (Windows NT 10.0; Win64; x64) AppleWebKit/537.36 (KHTML, like Gecko) Chrome/83.0.4103.61 Safari/537.36"
::1 - - [30/May/2020:08:57:13 +0000] "GET /vendor/bootstrap/js/popper.js HTTP/1.1" 304 - "http://localhost:4000/login" "Mozilla/5.0 (Windows NT 10.0; Win64; x64) AppleWebKit/537.36 (KHTML, like Gecko) Chrome/83.0.4103.61 Safari/537.36"
::1 - - [30/May/2020:08:57:13 +0000] "GET /vendor/bootstrap/js/bootstrap.min.js HTTP/1.1" 304 - "http://localhost:4000/login" "Mozilla/5.0 (Windows NT 10.0; Win64; x64) AppleWebKit/537.36 (KHTML, like Gecko) Chrome/83.0.4103.61 Safari/537.36"
::1 - - [30/May/2020:08:57:13 +0000] "GET /vendor/select2/select2.min.js HTTP/1.1" 304 - "http://localhost:4000/login" "Mozilla/5.0 (Windows NT 10.0; Win64; x64) AppleWebKit/537.36 (KHTML, like Gecko) Chrome/83.0.4103.61 Safari/537.36"
::1 - - [30/May/2020:08:57:13 +0000] "GET /vendor/tilt/tilt.jquery.min.js HTTP/1.1" 304 - "http://localhost:4000/login" "Mozilla/5.0 (Windows NT 10.0; Win64; x64) AppleWebKit/537.36 (KHTML, like Gecko) Chrome/83.0.4103.61 Safari/537.36"
::1 - - [30/May/2020:08:57:13 +0000] "GET /login_data/js/main.js HTTP/1.1" 404 245 "http://localhost:4000/login" "Mozilla/5.0 (Windows NT 10.0; Win64; x64) AppleWebKit/537.36 (KHTML, like Gecko) Chrome/83.0.4103.61 Safari/537.36"
::1 - - [30/May/2020:08:57:13 +0000] "GET /fonts/poppins/Poppins-Bold.ttf HTTP/1.1" 304 - "http://localhost:4000/css/main.css" "Mozilla/5.0 (Windows NT 10.0; Win64; x64) AppleWebKit/537.36 (KHTML, like Gecko) Chrome/83.0.4103.61 Safari/537.36"
::1 - - [30/May/2020:08:57:13 +0000] "GET /fonts/poppins/Poppins-Medium.ttf HTTP/1.1" 304 - "http://localhost:4000/css/main.css" "Mozilla/5.0 (Windows NT 10.0; Win64; x64) AppleWebKit/537.36 (KHTML, like Gecko) Chrome/83.0.4103.61 Safari/537.36"
::1 - - [30/May/2020:08:57:13 +0000] "GET /fonts/font-awesome-4.7.0/fonts/fontawesome-webfont.woff2?v=4.7.0 HTTP/1.1" 304 - "http://localhost:4000/fonts/font-awesome-4.7.0/css/font-awesome.min.css" "Mozilla/5.0 (Windows NT 10.0; Win64; x64) AppleWebKit/537.36 (KHTML, like Gecko) Chrome/83.0.4103.61 Safari/537.36"
::1 - - [30/May/2020:08:57:13 +0000] "GET /fonts/montserrat/Montserrat-Bold.ttf HTTP/1.1" 304 - "http://localhost:4000/css/main.css" "Mozilla/5.0 (Windows NT 10.0; Win64; x64) AppleWebKit/537.36 (KHTML, like Gecko) Chrome/83.0.4103.61 Safari/537.36"
::1 - - [30/May/2020:08:57:13 +0000] "GET /fonts/poppins/Poppins-Regular.ttf HTTP/1.1" 304 - "http://localhost:4000/css/main.css" "Mozilla/5.0 (Windows NT 10.0; Win64; x64) AppleWebKit/537.36 (KHTML, like Gecko) Chrome/83.0.4103.61 Safari/537.36"
::1 - - [30/May/2020:08:57:13 +0000] "GET /images/img-01.png HTTP/1.1" 304 - "http://localhost:4000/login" "Mozilla/5.0 (Windows NT 10.0; Win64; x64) AppleWebKit/537.36 (KHTML, like Gecko) Chrome/83.0.4103.61 Safari/537.36"
::1 - - [30/May/2020:08:57:18 +0000] "POST /home HTTP/1.1" 200 - "http://localhost:4000/login" "Mozilla/5.0 (Windows NT 10.0; Win64; x64) AppleWebKit/537.36 (KHTML, like Gecko) Chrome/83.0.4103.61 Safari/537.36"
::1 - - [30/May/2020:08:57:19 +0000] "GET /addBook HTTP/1.1" 304 - "http://localhost:4000/home" "Mozilla/5.0 (Windows NT 10.0; Win64; x64) AppleWebKit/537.36 (KHTML, like Gecko) Chrome/83.0.4103.61 Safari/537.36"
::1 - - [30/May/2020:09:04:42 +0000] "GET /%60$%7Bprocess.env.HOST%7D/getBooks%60 HTTP/1.1" 404 245 "http://localhost:4000/addBook" "Mozilla/5.0 (Windows NT 10.0; Win64; x64) AppleWebKit/537.36 (KHTML, like Gecko) Chrome/83.0.4103.61 Safari/537.36"
::1 - - [30/May/2020:09:04:46 +0000] "GET /addBook HTTP/1.1" 200 - "http://localhost:4000/%60$%7Bprocess.env.HOST%7D/getBooks%60" "Mozilla/5.0 (Windows NT 10.0; Win64; x64) AppleWebKit/537.36 (KHTML, like Gecko) Chrome/83.0.4103.61 Safari/537.36"
::1 - - [30/May/2020:09:04:47 +0000] "GET /getBooks HTTP/1.1" 200 - "http://localhost:4000/addBook" "Mozilla/5.0 (Windows NT 10.0; Win64; x64) AppleWebKit/537.36 (KHTML, like Gecko) Chrome/83.0.4103.61 Safari/537.36"
::1 - - [30/May/2020:09:04:57 +0000] "GET /home HTTP/1.1" 200 - "http://localhost:4000/getBooks" "Mozilla/5.0 (Windows NT 10.0; Win64; x64) AppleWebKit/537.36 (KHTML, like Gecko) Chrome/83.0.4103.61 Safari/537.36"
::1 - - [30/May/2020:09:08:12 +0000] "GET /home HTTP/1.1" 200 - "-" "Mozilla/5.0 (Windows NT 10.0; Win64; x64) AppleWebKit/537.36 (KHTML, like Gecko) Chrome/83.0.4103.61 Safari/537.36"
::1 - - [30/May/2020:09:08:14 +0000] "GET /get-students HTTP/1.1" 200 - "http://localhost:4000/home" "Mozilla/5.0 (Windows NT 10.0; Win64; x64) AppleWebKit/537.36 (KHTML, like Gecko) Chrome/83.0.4103.61 Safari/537.36"
::1 - - [30/May/2020:09:08:18 +0000] "GET /add-student HTTP/1.1" 200 - "http://localhost:4000/home" "Mozilla/5.0 (Windows NT 10.0; Win64; x64) AppleWebKit/537.36 (KHTML, like Gecko) Chrome/83.0.4103.61 Safari/537.36"
::1 - - [30/May/2020:09:08:20 +0000] "GET /get-students HTTP/1.1" 304 - "http://localhost:4000/home" "Mozilla/5.0 (Windows NT 10.0; Win64; x64) AppleWebKit/537.36 (KHTML, like Gecko) Chrome/83.0.4103.61 Safari/537.36"
::1 - - [30/May/2020:09:08:23 +0000] "POST /get-studentsByClass HTTP/1.1" 200 - "http://localhost:4000/get-students" "Mozilla/5.0 (Windows NT 10.0; Win64; x64) AppleWebKit/537.36 (KHTML, like Gecko) Chrome/83.0.4103.61 Safari/537.36"
::1 - - [30/May/2020:09:08:26 +0000] "POST /get-studentsByClass HTTP/1.1" 200 - "http://localhost:4000/get-studentsByClass" "Mozilla/5.0 (Windows NT 10.0; Win64; x64) AppleWebKit/537.36 (KHTML, like Gecko) Chrome/83.0.4103.61 Safari/537.36"
::1 - - [30/May/2020:09:08:29 +0000] "POST /get-studentsByClass HTTP/1.1" 200 - "http://localhost:4000/get-studentsByClass" "Mozilla/5.0 (Windows NT 10.0; Win64; x64) AppleWebKit/537.36 (KHTML, like Gecko) Chrome/83.0.4103.61 Safari/537.36"
::1 - - [30/May/2020:09:08:33 +0000] "GET /home HTTP/1.1" 200 - "http://localhost:4000/get-studentsByClass" "Mozilla/5.0 (Windows NT 10.0; Win64; x64) AppleWebKit/537.36 (KHTML, like Gecko) Chrome/83.0.4103.61 Safari/537.36"
::1 - - [30/May/2020:09:08:35 +0000] "GET /issueHistory HTTP/1.1" 200 - "http://localhost:4000/home" "Mozilla/5.0 (Windows NT 10.0; Win64; x64) AppleWebKit/537.36 (KHTML, like Gecko) Chrome/83.0.4103.61 Safari/537.36"
::1 - - [30/May/2020:09:08:39 +0000] "GET /home HTTP/1.1" 200 - "http://localhost:4000/issueHistory" "Mozilla/5.0 (Windows NT 10.0; Win64; x64) AppleWebKit/537.36 (KHTML, like Gecko) Chrome/83.0.4103.61 Safari/537.36"
::1 - - [30/May/2020:11:00:17 +0000] "GET / HTTP/1.1" 200 - "-" "Mozilla/5.0 (Windows NT 10.0; Win64; x64) AppleWebKit/537.36 (KHTML, like Gecko) Chrome/83.0.4103.61 Safari/537.36"
::1 - - [30/May/2020:11:00:18 +0000] "GET /vendor/bootstrap/css/bootstrap.min.css HTTP/1.1" 304 - "http://localhost:4000/" "Mozilla/5.0 (Windows NT 10.0; Win64; x64) AppleWebKit/537.36 (KHTML, like Gecko) Chrome/83.0.4103.61 Safari/537.36"
::1 - - [30/May/2020:11:00:18 +0000] "GET /fonts/font-awesome-4.7.0/css/font-awesome.min.css HTTP/1.1" 304 - "http://localhost:4000/" "Mozilla/5.0 (Windows NT 10.0; Win64; x64) AppleWebKit/537.36 (KHTML, like Gecko) Chrome/83.0.4103.61 Safari/537.36"
::1 - - [30/May/2020:11:00:18 +0000] "GET /vendor/animate/animate.css HTTP/1.1" 304 - "http://localhost:4000/" "Mozilla/5.0 (Windows NT 10.0; Win64; x64) AppleWebKit/537.36 (KHTML, like Gecko) Chrome/83.0.4103.61 Safari/537.36"
::1 - - [30/May/2020:11:00:18 +0000] "GET /vendor/css-hamburgers/hamburgers.min.css HTTP/1.1" 304 - "http://localhost:4000/" "Mozilla/5.0 (Windows NT 10.0; Win64; x64) AppleWebKit/537.36 (KHTML, like Gecko) Chrome/83.0.4103.61 Safari/537.36"
::1 - - [30/May/2020:11:00:18 +0000] "GET /vendor/select2/select2.min.css HTTP/1.1" 304 - "http://localhost:4000/" "Mozilla/5.0 (Windows NT 10.0; Win64; x64) AppleWebKit/537.36 (KHTML, like Gecko) Chrome/83.0.4103.61 Safari/537.36"
::1 - - [30/May/2020:11:00:18 +0000] "GET /css/util.css HTTP/1.1" 304 - "http://localhost:4000/" "Mozilla/5.0 (Windows NT 10.0; Win64; x64) AppleWebKit/537.36 (KHTML, like Gecko) Chrome/83.0.4103.61 Safari/537.36"
::1 - - [30/May/2020:11:00:18 +0000] "GET /css/main.css HTTP/1.1" 304 - "http://localhost:4000/" "Mozilla/5.0 (Windows NT 10.0; Win64; x64) AppleWebKit/537.36 (KHTML, like Gecko) Chrome/83.0.4103.61 Safari/537.36"
::1 - - [30/May/2020:11:00:18 +0000] "GET /vendor/jquery/jquery-3.2.1.min.js HTTP/1.1" 304 - "http://localhost:4000/" "Mozilla/5.0 (Windows NT 10.0; Win64; x64) AppleWebKit/537.36 (KHTML, like Gecko) Chrome/83.0.4103.61 Safari/537.36"
::1 - - [30/May/2020:11:00:18 +0000] "GET /vendor/bootstrap/js/popper.js HTTP/1.1" 304 - "http://localhost:4000/" "Mozilla/5.0 (Windows NT 10.0; Win64; x64) AppleWebKit/537.36 (KHTML, like Gecko) Chrome/83.0.4103.61 Safari/537.36"
::1 - - [30/May/2020:11:00:18 +0000] "GET /vendor/bootstrap/js/bootstrap.min.js HTTP/1.1" 304 - "http://localhost:4000/" "Mozilla/5.0 (Windows NT 10.0; Win64; x64) AppleWebKit/537.36 (KHTML, like Gecko) Chrome/83.0.4103.61 Safari/537.36"
::1 - - [30/May/2020:11:00:18 +0000] "GET /vendor/select2/select2.min.js HTTP/1.1" 304 - "http://localhost:4000/" "Mozilla/5.0 (Windows NT 10.0; Win64; x64) AppleWebKit/537.36 (KHTML, like Gecko) Chrome/83.0.4103.61 Safari/537.36"
::1 - - [30/May/2020:11:00:18 +0000] "GET /vendor/tilt/tilt.jquery.min.js HTTP/1.1" 304 - "http://localhost:4000/" "Mozilla/5.0 (Windows NT 10.0; Win64; x64) AppleWebKit/537.36 (KHTML, like Gecko) Chrome/83.0.4103.61 Safari/537.36"
::1 - - [30/May/2020:11:00:18 +0000] "GET /login_data/js/main.js HTTP/1.1" 404 245 "http://localhost:4000/" "Mozilla/5.0 (Windows NT 10.0; Win64; x64) AppleWebKit/537.36 (KHTML, like Gecko) Chrome/83.0.4103.61 Safari/537.36"
::1 - - [30/May/2020:11:00:18 +0000] "GET /images/img-01.png HTTP/1.1" 304 - "http://localhost:4000/" "Mozilla/5.0 (Windows NT 10.0; Win64; x64) AppleWebKit/537.36 (KHTML, like Gecko) Chrome/83.0.4103.61 Safari/537.36"
::1 - - [30/May/2020:11:00:18 +0000] "GET /fonts/poppins/Poppins-Bold.ttf HTTP/1.1" 304 - "http://localhost:4000/css/main.css" "Mozilla/5.0 (Windows NT 10.0; Win64; x64) AppleWebKit/537.36 (KHTML, like Gecko) Chrome/83.0.4103.61 Safari/537.36"
::1 - - [30/May/2020:11:00:18 +0000] "GET /fonts/poppins/Poppins-Medium.ttf HTTP/1.1" 304 - "http://localhost:4000/css/main.css" "Mozilla/5.0 (Windows NT 10.0; Win64; x64) AppleWebKit/537.36 (KHTML, like Gecko) Chrome/83.0.4103.61 Safari/537.36"
::1 - - [30/May/2020:11:00:18 +0000] "GET /fonts/font-awesome-4.7.0/fonts/fontawesome-webfont.woff2?v=4.7.0 HTTP/1.1" 304 - "http://localhost:4000/fonts/font-awesome-4.7.0/css/font-awesome.min.css" "Mozilla/5.0 (Windows NT 10.0; Win64; x64) AppleWebKit/537.36 (KHTML, like Gecko) Chrome/83.0.4103.61 Safari/537.36"
::1 - - [30/May/2020:11:00:18 +0000] "GET /fonts/montserrat/Montserrat-Bold.ttf HTTP/1.1" 304 - "http://localhost:4000/css/main.css" "Mozilla/5.0 (Windows NT 10.0; Win64; x64) AppleWebKit/537.36 (KHTML, like Gecko) Chrome/83.0.4103.61 Safari/537.36"
::1 - - [30/May/2020:11:00:18 +0000] "GET /login_data/js/main.js HTTP/1.1" 404 245 "http://localhost:4000/" "Mozilla/5.0 (Windows NT 10.0; Win64; x64) AppleWebKit/537.36 (KHTML, like Gecko) Chrome/83.0.4103.61 Safari/537.36"
::1 - - [30/May/2020:11:00:18 +0000] "GET /fonts/poppins/Poppins-Regular.ttf HTTP/1.1" 304 - "http://localhost:4000/css/main.css" "Mozilla/5.0 (Windows NT 10.0; Win64; x64) AppleWebKit/537.36 (KHTML, like Gecko) Chrome/83.0.4103.61 Safari/537.36"
::1 - - [30/May/2020:16:06:24 +0000] "GET / HTTP/1.1" 200 - "-" "Mozilla/5.0 (Windows NT 10.0; Win64; x64) AppleWebKit/537.36 (KHTML, like Gecko) Chrome/83.0.4103.61 Safari/537.36"
::1 - - [30/May/2020:16:06:25 +0000] "GET /vendor/bootstrap/css/bootstrap.min.css HTTP/1.1" 304 - "http://localhost:4000/" "Mozilla/5.0 (Windows NT 10.0; Win64; x64) AppleWebKit/537.36 (KHTML, like Gecko) Chrome/83.0.4103.61 Safari/537.36"
::1 - - [30/May/2020:16:06:25 +0000] "GET /fonts/font-awesome-4.7.0/css/font-awesome.min.css HTTP/1.1" 304 - "http://localhost:4000/" "Mozilla/5.0 (Windows NT 10.0; Win64; x64) AppleWebKit/537.36 (KHTML, like Gecko) Chrome/83.0.4103.61 Safari/537.36"
::1 - - [30/May/2020:16:06:25 +0000] "GET /vendor/animate/animate.css HTTP/1.1" 304 - "http://localhost:4000/" "Mozilla/5.0 (Windows NT 10.0; Win64; x64) AppleWebKit/537.36 (KHTML, like Gecko) Chrome/83.0.4103.61 Safari/537.36"
::1 - - [30/May/2020:16:06:25 +0000] "GET /vendor/css-hamburgers/hamburgers.min.css HTTP/1.1" 304 - "http://localhost:4000/" "Mozilla/5.0 (Windows NT 10.0; Win64; x64) AppleWebKit/537.36 (KHTML, like Gecko) Chrome/83.0.4103.61 Safari/537.36"
::1 - - [30/May/2020:16:06:25 +0000] "GET /vendor/select2/select2.min.css HTTP/1.1" 304 - "http://localhost:4000/" "Mozilla/5.0 (Windows NT 10.0; Win64; x64) AppleWebKit/537.36 (KHTML, like Gecko) Chrome/83.0.4103.61 Safari/537.36"
::1 - - [30/May/2020:16:06:25 +0000] "GET /css/util.css HTTP/1.1" 304 - "http://localhost:4000/" "Mozilla/5.0 (Windows NT 10.0; Win64; x64) AppleWebKit/537.36 (KHTML, like Gecko) Chrome/83.0.4103.61 Safari/537.36"
::1 - - [30/May/2020:16:06:25 +0000] "GET /css/main.css HTTP/1.1" 304 - "http://localhost:4000/" "Mozilla/5.0 (Windows NT 10.0; Win64; x64) AppleWebKit/537.36 (KHTML, like Gecko) Chrome/83.0.4103.61 Safari/537.36"
::1 - - [30/May/2020:16:06:26 +0000] "GET /vendor/jquery/jquery-3.2.1.min.js HTTP/1.1" 304 - "http://localhost:4000/" "Mozilla/5.0 (Windows NT 10.0; Win64; x64) AppleWebKit/537.36 (KHTML, like Gecko) Chrome/83.0.4103.61 Safari/537.36"
::1 - - [30/May/2020:16:06:26 +0000] "GET /vendor/bootstrap/js/popper.js HTTP/1.1" 304 - "http://localhost:4000/" "Mozilla/5.0 (Windows NT 10.0; Win64; x64) AppleWebKit/537.36 (KHTML, like Gecko) Chrome/83.0.4103.61 Safari/537.36"
::1 - - [30/May/2020:16:06:26 +0000] "GET /vendor/bootstrap/js/bootstrap.min.js HTTP/1.1" 304 - "http://localhost:4000/" "Mozilla/5.0 (Windows NT 10.0; Win64; x64) AppleWebKit/537.36 (KHTML, like Gecko) Chrome/83.0.4103.61 Safari/537.36"
::1 - - [30/May/2020:16:06:26 +0000] "GET /vendor/select2/select2.min.js HTTP/1.1" 304 - "http://localhost:4000/" "Mozilla/5.0 (Windows NT 10.0; Win64; x64) AppleWebKit/537.36 (KHTML, like Gecko) Chrome/83.0.4103.61 Safari/537.36"
::1 - - [30/May/2020:16:06:26 +0000] "GET /vendor/tilt/tilt.jquery.min.js HTTP/1.1" 304 - "http://localhost:4000/" "Mozilla/5.0 (Windows NT 10.0; Win64; x64) AppleWebKit/537.36 (KHTML, like Gecko) Chrome/83.0.4103.61 Safari/537.36"
::1 - - [30/May/2020:16:06:26 +0000] "GET /login_data/js/main.js HTTP/1.1" 404 245 "http://localhost:4000/" "Mozilla/5.0 (Windows NT 10.0; Win64; x64) AppleWebKit/537.36 (KHTML, like Gecko) Chrome/83.0.4103.61 Safari/537.36"
::1 - - [30/May/2020:16:06:26 +0000] "GET /images/img-01.png HTTP/1.1" 304 - "http://localhost:4000/" "Mozilla/5.0 (Windows NT 10.0; Win64; x64) AppleWebKit/537.36 (KHTML, like Gecko) Chrome/83.0.4103.61 Safari/537.36"
::1 - - [30/May/2020:16:06:26 +0000] "GET /fonts/poppins/Poppins-Bold.ttf HTTP/1.1" 304 - "http://localhost:4000/css/main.css" "Mozilla/5.0 (Windows NT 10.0; Win64; x64) AppleWebKit/537.36 (KHTML, like Gecko) Chrome/83.0.4103.61 Safari/537.36"
::1 - - [30/May/2020:16:06:26 +0000] "GET /fonts/poppins/Poppins-Medium.ttf HTTP/1.1" 304 - "http://localhost:4000/css/main.css" "Mozilla/5.0 (Windows NT 10.0; Win64; x64) AppleWebKit/537.36 (KHTML, like Gecko) Chrome/83.0.4103.61 Safari/537.36"
::1 - - [30/May/2020:16:06:26 +0000] "GET /fonts/font-awesome-4.7.0/fonts/fontawesome-webfont.woff2?v=4.7.0 HTTP/1.1" 304 - "http://localhost:4000/fonts/font-awesome-4.7.0/css/font-awesome.min.css" "Mozilla/5.0 (Windows NT 10.0; Win64; x64) AppleWebKit/537.36 (KHTML, like Gecko) Chrome/83.0.4103.61 Safari/537.36"
::1 - - [30/May/2020:16:06:27 +0000] "GET /fonts/montserrat/Montserrat-Bold.ttf HTTP/1.1" 304 - "http://localhost:4000/css/main.css" "Mozilla/5.0 (Windows NT 10.0; Win64; x64) AppleWebKit/537.36 (KHTML, like Gecko) Chrome/83.0.4103.61 Safari/537.36"
::1 - - [30/May/2020:16:06:27 +0000] "GET /fonts/poppins/Poppins-Regular.ttf HTTP/1.1" 304 - "http://localhost:4000/css/main.css" "Mozilla/5.0 (Windows NT 10.0; Win64; x64) AppleWebKit/537.36 (KHTML, like Gecko) Chrome/83.0.4103.61 Safari/537.36"
::1 - - [30/May/2020:16:06:37 +0000] "POST /home HTTP/1.1" 302 56 "http://localhost:4000/" "Mozilla/5.0 (Windows NT 10.0; Win64; x64) AppleWebKit/537.36 (KHTML, like Gecko) Chrome/83.0.4103.61 Safari/537.36"
::1 - - [30/May/2020:16:06:37 +0000] "GET /login HTTP/1.1" 404 245 "http://localhost:4000/" "Mozilla/5.0 (Windows NT 10.0; Win64; x64) AppleWebKit/537.36 (KHTML, like Gecko) Chrome/83.0.4103.61 Safari/537.36"
::1 - - [30/May/2020:16:06:44 +0000] "GET /login_data/js/main.js HTTP/1.1" 404 245 "http://localhost:4000/" "Mozilla/5.0 (Windows NT 10.0; Win64; x64) AppleWebKit/537.36 (KHTML, like Gecko) Chrome/83.0.4103.61 Safari/537.36"
::1 - - [30/May/2020:16:06:47 +0000] "GET /register HTTP/1.1" 200 - "http://localhost:4000/" "Mozilla/5.0 (Windows NT 10.0; Win64; x64) AppleWebKit/537.36 (KHTML, like Gecko) Chrome/83.0.4103.61 Safari/537.36"
::1 - - [30/May/2020:16:07:32 +0000] "GET /register HTTP/1.1" 200 - "http://localhost:4000/" "Mozilla/5.0 (Windows NT 10.0; Win64; x64) AppleWebKit/537.36 (KHTML, like Gecko) Chrome/83.0.4103.61 Safari/537.36"
::1 - - [30/May/2020:16:07:37 +0000] "GET /register HTTP/1.1" 304 - "-" "Mozilla/5.0 (Windows NT 10.0; Win64; x64) AppleWebKit/537.36 (KHTML, like Gecko) Chrome/83.0.4103.61 Safari/537.36"
::1 - - [30/May/2020:16:08:01 +0000] "POST /register HTTP/1.1" 302 56 "http://localhost:4000/register" "Mozilla/5.0 (Windows NT 10.0; Win64; x64) AppleWebKit/537.36 (KHTML, like Gecko) Chrome/83.0.4103.61 Safari/537.36"
::1 - - [30/May/2020:16:08:02 +0000] "GET /login HTTP/1.1" 404 245 "http://localhost:4000/register" "Mozilla/5.0 (Windows NT 10.0; Win64; x64) AppleWebKit/537.36 (KHTML, like Gecko) Chrome/83.0.4103.61 Safari/537.36"
::1 - - [30/May/2020:16:08:10 +0000] "GET / HTTP/1.1" 200 - "-" "Mozilla/5.0 (Windows NT 10.0; Win64; x64) AppleWebKit/537.36 (KHTML, like Gecko) Chrome/83.0.4103.61 Safari/537.36"
::1 - - [30/May/2020:16:08:10 +0000] "GET /vendor/bootstrap/css/bootstrap.min.css HTTP/1.1" 304 - "http://localhost:4000/" "Mozilla/5.0 (Windows NT 10.0; Win64; x64) AppleWebKit/537.36 (KHTML, like Gecko) Chrome/83.0.4103.61 Safari/537.36"
::1 - - [30/May/2020:16:08:10 +0000] "GET /fonts/font-awesome-4.7.0/css/font-awesome.min.css HTTP/1.1" 304 - "http://localhost:4000/" "Mozilla/5.0 (Windows NT 10.0; Win64; x64) AppleWebKit/537.36 (KHTML, like Gecko) Chrome/83.0.4103.61 Safari/537.36"
::1 - - [30/May/2020:16:08:10 +0000] "GET /vendor/animate/animate.css HTTP/1.1" 304 - "http://localhost:4000/" "Mozilla/5.0 (Windows NT 10.0; Win64; x64) AppleWebKit/537.36 (KHTML, like Gecko) Chrome/83.0.4103.61 Safari/537.36"
::1 - - [30/May/2020:16:08:10 +0000] "GET /vendor/css-hamburgers/hamburgers.min.css HTTP/1.1" 304 - "http://localhost:4000/" "Mozilla/5.0 (Windows NT 10.0; Win64; x64) AppleWebKit/537.36 (KHTML, like Gecko) Chrome/83.0.4103.61 Safari/537.36"
::1 - - [30/May/2020:16:08:10 +0000] "GET /vendor/select2/select2.min.css HTTP/1.1" 304 - "http://localhost:4000/" "Mozilla/5.0 (Windows NT 10.0; Win64; x64) AppleWebKit/537.36 (KHTML, like Gecko) Chrome/83.0.4103.61 Safari/537.36"
::1 - - [30/May/2020:16:08:10 +0000] "GET /css/util.css HTTP/1.1" 304 - "http://localhost:4000/" "Mozilla/5.0 (Windows NT 10.0; Win64; x64) AppleWebKit/537.36 (KHTML, like Gecko) Chrome/83.0.4103.61 Safari/537.36"
::1 - - [30/May/2020:16:08:11 +0000] "GET /css/main.css HTTP/1.1" 304 - "http://localhost:4000/" "Mozilla/5.0 (Windows NT 10.0; Win64; x64) AppleWebKit/537.36 (KHTML, like Gecko) Chrome/83.0.4103.61 Safari/537.36"
::1 - - [30/May/2020:16:08:11 +0000] "GET /vendor/jquery/jquery-3.2.1.min.js HTTP/1.1" 304 - "http://localhost:4000/" "Mozilla/5.0 (Windows NT 10.0; Win64; x64) AppleWebKit/537.36 (KHTML, like Gecko) Chrome/83.0.4103.61 Safari/537.36"
::1 - - [30/May/2020:16:08:11 +0000] "GET /vendor/bootstrap/js/popper.js HTTP/1.1" 304 - "http://localhost:4000/" "Mozilla/5.0 (Windows NT 10.0; Win64; x64) AppleWebKit/537.36 (KHTML, like Gecko) Chrome/83.0.4103.61 Safari/537.36"
::1 - - [30/May/2020:16:08:11 +0000] "GET /vendor/bootstrap/js/bootstrap.min.js HTTP/1.1" 304 - "http://localhost:4000/" "Mozilla/5.0 (Windows NT 10.0; Win64; x64) AppleWebKit/537.36 (KHTML, like Gecko) Chrome/83.0.4103.61 Safari/537.36"
::1 - - [30/May/2020:16:08:11 +0000] "GET /vendor/select2/select2.min.js HTTP/1.1" 304 - "http://localhost:4000/" "Mozilla/5.0 (Windows NT 10.0; Win64; x64) AppleWebKit/537.36 (KHTML, like Gecko) Chrome/83.0.4103.61 Safari/537.36"
::1 - - [30/May/2020:16:08:11 +0000] "GET /vendor/tilt/tilt.jquery.min.js HTTP/1.1" 304 - "http://localhost:4000/" "Mozilla/5.0 (Windows NT 10.0; Win64; x64) AppleWebKit/537.36 (KHTML, like Gecko) Chrome/83.0.4103.61 Safari/537.36"
::1 - - [30/May/2020:16:08:11 +0000] "GET /login_data/js/main.js HTTP/1.1" 404 245 "http://localhost:4000/" "Mozilla/5.0 (Windows NT 10.0; Win64; x64) AppleWebKit/537.36 (KHTML, like Gecko) Chrome/83.0.4103.61 Safari/537.36"
::1 - - [30/May/2020:16:08:12 +0000] "GET /images/img-01.png HTTP/1.1" 304 - "http://localhost:4000/" "Mozilla/5.0 (Windows NT 10.0; Win64; x64) AppleWebKit/537.36 (KHTML, like Gecko) Chrome/83.0.4103.61 Safari/537.36"
::1 - - [30/May/2020:16:08:12 +0000] "GET /fonts/poppins/Poppins-Regular.ttf HTTP/1.1" 304 - "http://localhost:4000/css/main.css" "Mozilla/5.0 (Windows NT 10.0; Win64; x64) AppleWebKit/537.36 (KHTML, like Gecko) Chrome/83.0.4103.61 Safari/537.36"
::1 - - [30/May/2020:16:08:12 +0000] "GET /fonts/poppins/Poppins-Bold.ttf HTTP/1.1" 304 - "http://localhost:4000/css/main.css" "Mozilla/5.0 (Windows NT 10.0; Win64; x64) AppleWebKit/537.36 (KHTML, like Gecko) Chrome/83.0.4103.61 Safari/537.36"
::1 - - [30/May/2020:16:08:12 +0000] "GET /fonts/poppins/Poppins-Medium.ttf HTTP/1.1" 304 - "http://localhost:4000/css/main.css" "Mozilla/5.0 (Windows NT 10.0; Win64; x64) AppleWebKit/537.36 (KHTML, like Gecko) Chrome/83.0.4103.61 Safari/537.36"
::1 - - [30/May/2020:16:08:12 +0000] "GET /fonts/font-awesome-4.7.0/fonts/fontawesome-webfont.woff2?v=4.7.0 HTTP/1.1" 304 - "http://localhost:4000/fonts/font-awesome-4.7.0/css/font-awesome.min.css" "Mozilla/5.0 (Windows NT 10.0; Win64; x64) AppleWebKit/537.36 (KHTML, like Gecko) Chrome/83.0.4103.61 Safari/537.36"
::1 - - [30/May/2020:16:08:12 +0000] "GET /fonts/montserrat/Montserrat-Bold.ttf HTTP/1.1" 304 - "http://localhost:4000/css/main.css" "Mozilla/5.0 (Windows NT 10.0; Win64; x64) AppleWebKit/537.36 (KHTML, like Gecko) Chrome/83.0.4103.61 Safari/537.36"
::1 - - [30/May/2020:16:08:21 +0000] "POST /home HTTP/1.1" - - "http://localhost:4000/" "Mozilla/5.0 (Windows NT 10.0; Win64; x64) AppleWebKit/537.36 (KHTML, like Gecko) Chrome/83.0.4103.61 Safari/537.36"
::1 - - [30/May/2020:16:08:23 +0000] "POST /home HTTP/1.1" 302 56 "http://localhost:4000/" "Mozilla/5.0 (Windows NT 10.0; Win64; x64) AppleWebKit/537.36 (KHTML, like Gecko) Chrome/83.0.4103.61 Safari/537.36"
::1 - - [30/May/2020:16:08:23 +0000] "GET /login HTTP/1.1" 404 245 "http://localhost:4000/" "Mozilla/5.0 (Windows NT 10.0; Win64; x64) AppleWebKit/537.36 (KHTML, like Gecko) Chrome/83.0.4103.61 Safari/537.36"
::1 - - [30/May/2020:16:08:26 +0000] "GET /login_data/js/main.js HTTP/1.1" 404 245 "http://localhost:4000/" "Mozilla/5.0 (Windows NT 10.0; Win64; x64) AppleWebKit/537.36 (KHTML, like Gecko) Chrome/83.0.4103.61 Safari/537.36"
::1 - - [30/May/2020:16:08:34 +0000] "POST /home HTTP/1.1" 200 - "http://localhost:4000/" "Mozilla/5.0 (Windows NT 10.0; Win64; x64) AppleWebKit/537.36 (KHTML, like Gecko) Chrome/83.0.4103.61 Safari/537.36"
::1 - - [30/May/2020:16:18:55 +0000] "GET /home HTTP/1.1" 200 - "-" "Mozilla/5.0 (Windows NT 10.0; Win64; x64) AppleWebKit/537.36 (KHTML, like Gecko) Chrome/83.0.4103.61 Safari/537.36"
::1 - - [30/May/2020:16:19:00 +0000] "GET /logout HTTP/1.1" 302 56 "http://localhost:4000/home" "Mozilla/5.0 (Windows NT 10.0; Win64; x64) AppleWebKit/537.36 (KHTML, like Gecko) Chrome/83.0.4103.61 Safari/537.36"
::1 - - [30/May/2020:16:19:00 +0000] "GET /login HTTP/1.1" 200 - "http://localhost:4000/home" "Mozilla/5.0 (Windows NT 10.0; Win64; x64) AppleWebKit/537.36 (KHTML, like Gecko) Chrome/83.0.4103.61 Safari/537.36"
::1 - - [30/May/2020:16:19:01 +0000] "GET /vendor/bootstrap/css/bootstrap.min.css HTTP/1.1" 304 - "http://localhost:4000/login" "Mozilla/5.0 (Windows NT 10.0; Win64; x64) AppleWebKit/537.36 (KHTML, like Gecko) Chrome/83.0.4103.61 Safari/537.36"
::1 - - [30/May/2020:16:19:01 +0000] "GET /fonts/font-awesome-4.7.0/css/font-awesome.min.css HTTP/1.1" 304 - "http://localhost:4000/login" "Mozilla/5.0 (Windows NT 10.0; Win64; x64) AppleWebKit/537.36 (KHTML, like Gecko) Chrome/83.0.4103.61 Safari/537.36"
::1 - - [30/May/2020:16:19:01 +0000] "GET /vendor/animate/animate.css HTTP/1.1" 304 - "http://localhost:4000/login" "Mozilla/5.0 (Windows NT 10.0; Win64; x64) AppleWebKit/537.36 (KHTML, like Gecko) Chrome/83.0.4103.61 Safari/537.36"
::1 - - [30/May/2020:16:19:01 +0000] "GET /vendor/css-hamburgers/hamburgers.min.css HTTP/1.1" 304 - "http://localhost:4000/login" "Mozilla/5.0 (Windows NT 10.0; Win64; x64) AppleWebKit/537.36 (KHTML, like Gecko) Chrome/83.0.4103.61 Safari/537.36"
::1 - - [30/May/2020:16:19:01 +0000] "GET /vendor/select2/select2.min.css HTTP/1.1" 304 - "http://localhost:4000/login" "Mozilla/5.0 (Windows NT 10.0; Win64; x64) AppleWebKit/537.36 (KHTML, like Gecko) Chrome/83.0.4103.61 Safari/537.36"
::1 - - [30/May/2020:16:19:01 +0000] "GET /css/util.css HTTP/1.1" 304 - "http://localhost:4000/login" "Mozilla/5.0 (Windows NT 10.0; Win64; x64) AppleWebKit/537.36 (KHTML, like Gecko) Chrome/83.0.4103.61 Safari/537.36"
::1 - - [30/May/2020:16:19:01 +0000] "GET /css/main.css HTTP/1.1" 304 - "http://localhost:4000/login" "Mozilla/5.0 (Windows NT 10.0; Win64; x64) AppleWebKit/537.36 (KHTML, like Gecko) Chrome/83.0.4103.61 Safari/537.36"
::1 - - [30/May/2020:16:19:01 +0000] "GET /vendor/jquery/jquery-3.2.1.min.js HTTP/1.1" 304 - "http://localhost:4000/login" "Mozilla/5.0 (Windows NT 10.0; Win64; x64) AppleWebKit/537.36 (KHTML, like Gecko) Chrome/83.0.4103.61 Safari/537.36"
::1 - - [30/May/2020:16:19:01 +0000] "GET /vendor/bootstrap/js/popper.js HTTP/1.1" 304 - "http://localhost:4000/login" "Mozilla/5.0 (Windows NT 10.0; Win64; x64) AppleWebKit/537.36 (KHTML, like Gecko) Chrome/83.0.4103.61 Safari/537.36"
::1 - - [30/May/2020:16:19:02 +0000] "GET /vendor/bootstrap/js/bootstrap.min.js HTTP/1.1" 304 - "http://localhost:4000/login" "Mozilla/5.0 (Windows NT 10.0; Win64; x64) AppleWebKit/537.36 (KHTML, like Gecko) Chrome/83.0.4103.61 Safari/537.36"
::1 - - [30/May/2020:16:19:02 +0000] "GET /vendor/select2/select2.min.js HTTP/1.1" 304 - "http://localhost:4000/login" "Mozilla/5.0 (Windows NT 10.0; Win64; x64) AppleWebKit/537.36 (KHTML, like Gecko) Chrome/83.0.4103.61 Safari/537.36"
::1 - - [30/May/2020:16:19:02 +0000] "GET /vendor/tilt/tilt.jquery.min.js HTTP/1.1" 304 - "http://localhost:4000/login" "Mozilla/5.0 (Windows NT 10.0; Win64; x64) AppleWebKit/537.36 (KHTML, like Gecko) Chrome/83.0.4103.61 Safari/537.36"
::1 - - [30/May/2020:16:19:02 +0000] "GET /login_data/js/main.js HTTP/1.1" 404 245 "http://localhost:4000/login" "Mozilla/5.0 (Windows NT 10.0; Win64; x64) AppleWebKit/537.36 (KHTML, like Gecko) Chrome/83.0.4103.61 Safari/537.36"
::1 - - [30/May/2020:16:19:02 +0000] "GET /images/img-01.png HTTP/1.1" 304 - "http://localhost:4000/login" "Mozilla/5.0 (Windows NT 10.0; Win64; x64) AppleWebKit/537.36 (KHTML, like Gecko) Chrome/83.0.4103.61 Safari/537.36"
::1 - - [30/May/2020:16:19:02 +0000] "GET /fonts/poppins/Poppins-Bold.ttf HTTP/1.1" 304 - "http://localhost:4000/css/main.css" "Mozilla/5.0 (Windows NT 10.0; Win64; x64) AppleWebKit/537.36 (KHTML, like Gecko) Chrome/83.0.4103.61 Safari/537.36"
::1 - - [30/May/2020:16:19:02 +0000] "GET /fonts/poppins/Poppins-Medium.ttf HTTP/1.1" 304 - "http://localhost:4000/css/main.css" "Mozilla/5.0 (Windows NT 10.0; Win64; x64) AppleWebKit/537.36 (KHTML, like Gecko) Chrome/83.0.4103.61 Safari/537.36"
::1 - - [30/May/2020:16:19:02 +0000] "GET /fonts/font-awesome-4.7.0/fonts/fontawesome-webfont.woff2?v=4.7.0 HTTP/1.1" 304 - "http://localhost:4000/fonts/font-awesome-4.7.0/css/font-awesome.min.css" "Mozilla/5.0 (Windows NT 10.0; Win64; x64) AppleWebKit/537.36 (KHTML, like Gecko) Chrome/83.0.4103.61 Safari/537.36"
::1 - - [30/May/2020:16:19:02 +0000] "GET /fonts/montserrat/Montserrat-Bold.ttf HTTP/1.1" 304 - "http://localhost:4000/css/main.css" "Mozilla/5.0 (Windows NT 10.0; Win64; x64) AppleWebKit/537.36 (KHTML, like Gecko) Chrome/83.0.4103.61 Safari/537.36"
::1 - - [30/May/2020:16:19:02 +0000] "GET /fonts/poppins/Poppins-Regular.ttf HTTP/1.1" 304 - "http://localhost:4000/css/main.css" "Mozilla/5.0 (Windows NT 10.0; Win64; x64) AppleWebKit/537.36 (KHTML, like Gecko) Chrome/83.0.4103.61 Safari/537.36"
